# JRE version: OpenJDK Runtime Environment Temurin-21.0.8+9 (21.0.8+9) (build 21.0.8+9-LTS)
# Java VM: OpenJDK 64-Bit Server VM Temurin-21.0.8+9 (21.0.8+9-LTS, mixed mode, sharing, tiered, compressed oops, compressed class ptrs, parallel gc, windows-amd64)
GC Precious Log:
 CardTable entry size: 512
 CPUs: 4 total, 4 available
 Memory: 8058M
 Large Page Support: Disabled
 NUMA Support: Disabled
 Compressed Oops: Enabled (32-bit)
 Alignments: Space 512K, Generation 512K, Heap 2M
 Heap Min Capacity: 100M
 Heap Initial Capacity: 100M
 Heap Max Capacity: 2G
 Pre-touch: Disabled
 Parallel Workers: 4
Heap:
 PSYoungGen      total 6656K, used 5270K [0x00000000d5580000, 0x00000000d5d80000, 0x0000000100000000)
  eden space 5120K, 79% used [0x00000000d5580000,0x00000000d5976a58,0x00000000d5a80000)
  from space 1536K, 78% used [0x00000000d5a80000,0x00000000d5baedf0,0x00000000d5c00000)
  to   space 1536K, 0% used [0x00000000d5c00000,0x00000000d5c00000,0x00000000d5d80000)
 ParOldGen       total 178176K, used 153219K [0x0000000080000000, 0x000000008ae00000, 0x00000000d5580000)
  object space 178176K, 85% used [0x0000000080000000,0x00000000895a0cc8,0x000000008ae00000)
 Metaspace       used 76503K, committed 78080K, reserved 1179648K
  class space    used 9404K, committed 10112K, reserved 1048576K
GC Heap History (20 events):
Event: 517.618 GC heap before
{Heap before GC invocations=130 (full 3):
 PSYoungGen      total 6656K, used 6388K [0x00000000d5580000, 0x00000000d5d80000, 0x0000000100000000)
  eden space 5120K, 100% used [0x00000000d5580000,0x00000000d5a80000,0x00000000d5a80000)
  from space 1536K, 82% used [0x00000000d5c00000,0x00000000d5d3d228,0x00000000d5d80000)
  to   space 1536K, 0% used [0x00000000d5a80000,0x00000000d5a80000,0x00000000d5c00000)
 ParOldGen       total 160768K, used 160344K [0x0000000080000000, 0x0000000089d00000, 0x00000000d5580000)
  object space 160768K, 99% used [0x0000000080000000,0x0000000089c96080,0x0000000089d00000)
 Metaspace       used 76502K, committed 78080K, reserved 1179648K
  class space    used 9404K, committed 10112K, reserved 1048576K
}
Event: 517.621 GC heap after
{Heap after GC invocations=130 (full 3):
 PSYoungGen      total 6656K, used 1244K [0x00000000d5580000, 0x00000000d5d80000, 0x0000000100000000)
  eden space 5120K, 0% used [0x00000000d5580000,0x00000000d5580000,0x00000000d5a80000)
  from space 1536K, 81% used [0x00000000d5a80000,0x00000000d5bb7108,0x00000000d5c00000)
  to   space 1536K, 0% used [0x00000000d5c00000,0x00000000d5c00000,0x00000000d5d80000)
 ParOldGen       total 161792K, used 161505K [0x0000000080000000, 0x0000000089e00000, 0x00000000d5580000)
  object space 161792K, 99% used [0x0000000080000000,0x0000000089db8708,0x0000000089e00000)
 Metaspace       used 76502K, committed 78080K, reserved 1179648K
  class space    used 9404K, committed 10112K, reserved 1048576K
}
Event: 517.723 GC heap before
{Heap before GC invocations=131 (full 3):
 PSYoungGen      total 6656K, used 6364K [0x00000000d5580000, 0x00000000d5d80000, 0x0000000100000000)
  eden space 5120K, 100% used [0x00000000d5580000,0x00000000d5a80000,0x00000000d5a80000)
  from space 1536K, 81% used [0x00000000d5a80000,0x00000000d5bb7108,0x00000000d5c00000)
  to   space 1536K, 0% used [0x00000000d5c00000,0x00000000d5c00000,0x00000000d5d80000)
 ParOldGen       total 161792K, used 161505K [0x0000000080000000, 0x0000000089e00000, 0x00000000d5580000)
  object space 161792K, 99% used [0x0000000080000000,0x0000000089db8708,0x0000000089e00000)
 Metaspace       used 76502K, committed 78080K, reserved 1179648K
  class space    used 9404K, committed 10112K, reserved 1048576K
}
Event: 517.726 GC heap after
{Heap after GC invocations=131 (full 3):
 PSYoungGen      total 6656K, used 1197K [0x00000000d5580000, 0x00000000d5d80000, 0x0000000100000000)
  eden space 5120K, 0% used [0x00000000d5580000,0x00000000d5580000,0x00000000d5a80000)
  from space 1536K, 77% used [0x00000000d5c00000,0x00000000d5d2b4e0,0x00000000d5d80000)
  to   space 1536K, 0% used [0x00000000d5a80000,0x00000000d5a80000,0x00000000d5c00000)
 ParOldGen       total 162816K, used 162685K [0x0000000080000000, 0x0000000089f00000, 0x00000000d5580000)
  object space 162816K, 99% used [0x0000000080000000,0x0000000089edf680,0x0000000089f00000)
 Metaspace       used 76502K, committed 78080K, reserved 1179648K
  class space    used 9404K, committed 10112K, reserved 1048576K
}
Event: 517.770 GC heap before
{Heap before GC invocations=132 (full 3):
 PSYoungGen      total 6656K, used 6317K [0x00000000d5580000, 0x00000000d5d80000, 0x0000000100000000)
  eden space 5120K, 100% used [0x00000000d5580000,0x00000000d5a80000,0x00000000d5a80000)
  from space 1536K, 77% used [0x00000000d5c00000,0x00000000d5d2b4e0,0x00000000d5d80000)
  to   space 1536K, 0% used [0x00000000d5a80000,0x00000000d5a80000,0x00000000d5c00000)
 ParOldGen       total 162816K, used 162685K [0x0000000080000000, 0x0000000089f00000, 0x00000000d5580000)
  object space 162816K, 99% used [0x0000000080000000,0x0000000089edf680,0x0000000089f00000)
 Metaspace       used 76502K, committed 78080K, reserved 1179648K
  class space    used 9404K, committed 10112K, reserved 1048576K
}
Event: 517.773 GC heap after
{Heap after GC invocations=132 (full 3):
 PSYoungGen      total 6656K, used 1200K [0x00000000d5580000, 0x00000000d5d80000, 0x0000000100000000)
  eden space 5120K, 0% used [0x00000000d5580000,0x00000000d5580000,0x00000000d5a80000)
  from space 1536K, 78% used [0x00000000d5a80000,0x00000000d5bac298,0x00000000d5c00000)
  to   space 1536K, 0% used [0x00000000d5c00000,0x00000000d5c00000,0x00000000d5d80000)
 ParOldGen       total 163840K, used 163815K [0x0000000080000000, 0x000000008a000000, 0x00000000d5580000)
  object space 163840K, 99% used [0x0000000080000000,0x0000000089ff9e48,0x000000008a000000)
 Metaspace       used 76502K, committed 78080K, reserved 1179648K
  class space    used 9404K, committed 10112K, reserved 1048576K
}
Event: 518.183 GC heap before
{Heap before GC invocations=133 (full 3):
 PSYoungGen      total 6656K, used 6320K [0x00000000d5580000, 0x00000000d5d80000, 0x0000000100000000)
  eden space 5120K, 100% used [0x00000000d5580000,0x00000000d5a80000,0x00000000d5a80000)
  from space 1536K, 78% used [0x00000000d5a80000,0x00000000d5bac298,0x00000000d5c00000)
  to   space 1536K, 0% used [0x00000000d5c00000,0x00000000d5c00000,0x00000000d5d80000)
 ParOldGen       total 163840K, used 163815K [0x0000000080000000, 0x000000008a000000, 0x00000000d5580000)
  object space 163840K, 99% used [0x0000000080000000,0x0000000089ff9e48,0x000000008a000000)
 Metaspace       used 76502K, committed 78080K, reserved 1179648K
  class space    used 9404K, committed 10112K, reserved 1048576K
}
Event: 518.189 GC heap after
{Heap after GC invocations=133 (full 3):
 PSYoungGen      total 6656K, used 1212K [0x00000000d5580000, 0x00000000d5d80000, 0x0000000100000000)
  eden space 5120K, 0% used [0x00000000d5580000,0x00000000d5580000,0x00000000d5a80000)
  from space 1536K, 78% used [0x00000000d5c00000,0x00000000d5d2f390,0x00000000d5d80000)
  to   space 1536K, 0% used [0x00000000d5a80000,0x00000000d5a80000,0x00000000d5c00000)
 ParOldGen       total 165376K, used 164951K [0x0000000080000000, 0x000000008a180000, 0x00000000d5580000)
  object space 165376K, 99% used [0x0000000080000000,0x000000008a115e68,0x000000008a180000)
 Metaspace       used 76502K, committed 78080K, reserved 1179648K
  class space    used 9404K, committed 10112K, reserved 1048576K
}
Event: 518.443 GC heap before
{Heap before GC invocations=134 (full 3):
 PSYoungGen      total 6656K, used 6332K [0x00000000d5580000, 0x00000000d5d80000, 0x0000000100000000)
  eden space 5120K, 100% used [0x00000000d5580000,0x00000000d5a80000,0x00000000d5a80000)
  from space 1536K, 78% used [0x00000000d5c00000,0x00000000d5d2f390,0x00000000d5d80000)
  to   space 1536K, 0% used [0x00000000d5a80000,0x00000000d5a80000,0x00000000d5c00000)
 ParOldGen       total 165376K, used 164951K [0x0000000080000000, 0x000000008a180000, 0x00000000d5580000)
  object space 165376K, 99% used [0x0000000080000000,0x000000008a115e68,0x000000008a180000)
 Metaspace       used 76502K, committed 78080K, reserved 1179648K
  class space    used 9404K, committed 10112K, reserved 1048576K
}
Event: 518.446 GC heap after
{Heap after GC invocations=134 (full 3):
 PSYoungGen      total 6656K, used 1201K [0x00000000d5580000, 0x00000000d5d80000, 0x0000000100000000)
  eden space 5120K, 0% used [0x00000000d5580000,0x00000000d5580000,0x00000000d5a80000)
  from space 1536K, 78% used [0x00000000d5a80000,0x00000000d5bac608,0x00000000d5c00000)
  to   space 1536K, 0% used [0x00000000d5c00000,0x00000000d5c00000,0x00000000d5d80000)
 ParOldGen       total 166400K, used 166109K [0x0000000080000000, 0x000000008a280000, 0x00000000d5580000)
  object space 166400K, 99% used [0x0000000080000000,0x000000008a2376a0,0x000000008a280000)
 Metaspace       used 76502K, committed 78080K, reserved 1179648K
  class space    used 9404K, committed 10112K, reserved 1048576K
}
Event: 518.750 GC heap before
{Heap before GC invocations=135 (full 3):
 PSYoungGen      total 6656K, used 6321K [0x00000000d5580000, 0x00000000d5d80000, 0x0000000100000000)
  eden space 5120K, 100% used [0x00000000d5580000,0x00000000d5a80000,0x00000000d5a80000)
  from space 1536K, 78% used [0x00000000d5a80000,0x00000000d5bac608,0x00000000d5c00000)
  to   space 1536K, 0% used [0x00000000d5c00000,0x00000000d5c00000,0x00000000d5d80000)
 ParOldGen       total 166400K, used 166109K [0x0000000080000000, 0x000000008a280000, 0x00000000d5580000)
  object space 166400K, 99% used [0x0000000080000000,0x000000008a2376a0,0x000000008a280000)
 Metaspace       used 76502K, committed 78080K, reserved 1179648K
  class space    used 9404K, committed 10112K, reserved 1048576K
}
Event: 518.756 GC heap after
{Heap after GC invocations=135 (full 3):
 PSYoungGen      total 6656K, used 1161K [0x00000000d5580000, 0x00000000d5d80000, 0x0000000100000000)
  eden space 5120K, 0% used [0x00000000d5580000,0x00000000d5580000,0x00000000d5a80000)
  from space 1536K, 75% used [0x00000000d5c00000,0x00000000d5d225a8,0x00000000d5d80000)
  to   space 1536K, 0% used [0x00000000d5a80000,0x00000000d5a80000,0x00000000d5c00000)
 ParOldGen       total 167424K, used 167252K [0x0000000080000000, 0x000000008a380000, 0x00000000d5580000)
  object space 167424K, 99% used [0x0000000080000000,0x000000008a355388,0x000000008a380000)
 Metaspace       used 76502K, committed 78080K, reserved 1179648K
  class space    used 9404K, committed 10112K, reserved 1048576K
}
Event: 519.058 GC heap before
{Heap before GC invocations=136 (full 3):
 PSYoungGen      total 6656K, used 6281K [0x00000000d5580000, 0x00000000d5d80000, 0x0000000100000000)
  eden space 5120K, 100% used [0x00000000d5580000,0x00000000d5a80000,0x00000000d5a80000)
  from space 1536K, 75% used [0x00000000d5c00000,0x00000000d5d225a8,0x00000000d5d80000)
  to   space 1536K, 0% used [0x00000000d5a80000,0x00000000d5a80000,0x00000000d5c00000)
 ParOldGen       total 167424K, used 167252K [0x0000000080000000, 0x000000008a380000, 0x00000000d5580000)
  object space 167424K, 99% used [0x0000000080000000,0x000000008a355388,0x000000008a380000)
 Metaspace       used 76502K, committed 78080K, reserved 1179648K
  class space    used 9404K, committed 10112K, reserved 1048576K
}
Event: 519.090 GC heap after
{Heap after GC invocations=136 (full 3):
 PSYoungGen      total 6656K, used 6281K [0x00000000d5580000, 0x00000000d5d80000, 0x0000000100000000)
  eden space 5120K, 100% used [0x00000000d5580000,0x00000000d5a80000,0x00000000d5a80000)
  from space 1536K, 75% used [0x00000000d5c00000,0x00000000d5d225a8,0x00000000d5d80000)
  to   space 1536K, 77% used [0x00000000d5a80000,0x00000000d5baa4d8,0x00000000d5c00000)
 ParOldGen       total 167936K, used 167930K [0x0000000080000000, 0x000000008a400000, 0x00000000d5580000)
  object space 167936K, 99% used [0x0000000080000000,0x000000008a3fea60,0x000000008a400000)
 Metaspace       used 76502K, committed 78080K, reserved 1179648K
  class space    used 9404K, committed 10112K, reserved 1048576K
}
Event: 519.122 GC heap before
{Heap before GC invocations=137 (full 4):
 PSYoungGen      total 6656K, used 6281K [0x00000000d5580000, 0x00000000d5d80000, 0x0000000100000000)
  eden space 5120K, 100% used [0x00000000d5580000,0x00000000d5a80000,0x00000000d5a80000)
  from space 1536K, 75% used [0x00000000d5c00000,0x00000000d5d225a8,0x00000000d5d80000)
  to   space 1536K, 77% used [0x00000000d5a80000,0x00000000d5baa4d8,0x00000000d5c00000)
 ParOldGen       total 167936K, used 167930K [0x0000000080000000, 0x000000008a400000, 0x00000000d5580000)
  object space 167936K, 99% used [0x0000000080000000,0x000000008a3fea60,0x000000008a400000)
 Metaspace       used 76502K, committed 78080K, reserved 1179648K
  class space    used 9404K, committed 10112K, reserved 1048576K
}
Event: 520.110 GC heap after
{Heap after GC invocations=137 (full 4):
 PSYoungGen      total 6656K, used 0K [0x00000000d5580000, 0x00000000d5d80000, 0x0000000100000000)
  eden space 5120K, 0% used [0x00000000d5580000,0x00000000d5580000,0x00000000d5a80000)
  from space 1536K, 0% used [0x00000000d5a80000,0x00000000d5a80000,0x00000000d5c00000)
  to   space 1536K, 0% used [0x00000000d5c00000,0x00000000d5c00000,0x00000000d5d80000)
 ParOldGen       total 178176K, used 152072K [0x0000000080000000, 0x000000008ae00000, 0x00000000d5580000)
  object space 178176K, 85% used [0x0000000080000000,0x0000000089482370,0x000000008ae00000)
 Metaspace       used 76502K, committed 78080K, reserved 1179648K
  class space    used 9404K, committed 10112K, reserved 1048576K
}
Event: 520.660 GC heap before
{Heap before GC invocations=138 (full 4):
 PSYoungGen      total 6656K, used 5120K [0x00000000d5580000, 0x00000000d5d80000, 0x0000000100000000)
  eden space 5120K, 100% used [0x00000000d5580000,0x00000000d5a80000,0x00000000d5a80000)
  from space 1536K, 0% used [0x00000000d5a80000,0x00000000d5a80000,0x00000000d5c00000)
  to   space 1536K, 0% used [0x00000000d5c00000,0x00000000d5c00000,0x00000000d5d80000)
 ParOldGen       total 178176K, used 152072K [0x0000000080000000, 0x000000008ae00000, 0x00000000d5580000)
  object space 178176K, 85% used [0x0000000080000000,0x0000000089482370,0x000000008ae00000)
 Metaspace       used 76503K, committed 78080K, reserved 1179648K
  class space    used 9404K, committed 10112K, reserved 1048576K
}
Event: 520.662 GC heap after
{Heap after GC invocations=138 (full 4):
 PSYoungGen      total 6656K, used 1235K [0x00000000d5580000, 0x00000000d5d80000, 0x0000000100000000)
  eden space 5120K, 0% used [0x00000000d5580000,0x00000000d5580000,0x00000000d5a80000)
  from space 1536K, 80% used [0x00000000d5c00000,0x00000000d5d34e90,0x00000000d5d80000)
  to   space 1536K, 0% used [0x00000000d5a80000,0x00000000d5a80000,0x00000000d5c00000)
 ParOldGen       total 178176K, used 152072K [0x0000000080000000, 0x000000008ae00000, 0x00000000d5580000)
  object space 178176K, 85% used [0x0000000080000000,0x0000000089482370,0x000000008ae00000)
 Metaspace       used 76503K, committed 78080K, reserved 1179648K
  class space    used 9404K, committed 10112K, reserved 1048576K
}
Event: 520.987 GC heap before
{Heap before GC invocations=139 (full 4):
 PSYoungGen      total 6656K, used 6355K [0x00000000d5580000, 0x00000000d5d80000, 0x0000000100000000)
  eden space 5120K, 100% used [0x00000000d5580000,0x00000000d5a80000,0x00000000d5a80000)
  from space 1536K, 80% used [0x00000000d5c00000,0x00000000d5d34e90,0x00000000d5d80000)
  to   space 1536K, 0% used [0x00000000d5a80000,0x00000000d5a80000,0x00000000d5c00000)
 ParOldGen       total 178176K, used 152072K [0x0000000080000000, 0x000000008ae00000, 0x00000000d5580000)
  object space 178176K, 85% used [0x0000000080000000,0x0000000089482370,0x000000008ae00000)
 Metaspace       used 76503K, committed 78080K, reserved 1179648K
  class space    used 9404K, committed 10112K, reserved 1048576K
}
Event: 520.991 GC heap after
{Heap after GC invocations=139 (full 4):
 PSYoungGen      total 6656K, used 1211K [0x00000000d5580000, 0x00000000d5d80000, 0x0000000100000000)
  eden space 5120K, 0% used [0x00000000d5580000,0x00000000d5580000,0x00000000d5a80000)
  from space 1536K, 78% used [0x00000000d5a80000,0x00000000d5baedf0,0x00000000d5c00000)
  to   space 1536K, 0% used [0x00000000d5c00000,0x00000000d5c00000,0x00000000d5d80000)
 ParOldGen       total 178176K, used 153219K [0x0000000080000000, 0x000000008ae00000, 0x00000000d5580000)
  object space 178176K, 85% used [0x0000000080000000,0x00000000895a0cc8,0x000000008ae00000)
 Metaspace       used 76503K, committed 78080K, reserved 1179648K
  class space    used 9404K, committed 10112K, reserved 1048576K
}

